<?xml version="1.0" encoding="UTF-8"?>
<!-- Generated by org.testng.reporters.JUnitReportReporter -->
<testsuite hostname="DESKTOP-2A6JV2R" name="TestMyAccount.MyAccount_CheckBalance" tests="1" failures="0" timestamp="21 Jul 2016 20:21:13 GMT" time="9.869" errors="0">
  <testcase name="myAccount_CheckBalanceTest" time="9.869" classname="TestMyAccount.MyAccount_CheckBalance"/>
</testsuite> <!-- TestMyAccount.MyAccount_CheckBalance -->
