<?xml version="1.0" encoding="UTF-8"?>
<!-- Generated by org.testng.reporters.JUnitReportReporter -->
<testsuite hostname="DESKTOP-2A6JV2R" name="TestMyAccount.MyAccount_CheckBalance" tests="1" failures="0" timestamp="24 Jul 2016 16:22:48 GMT" time="6.509" errors="0">
  <testcase name="myAccount_CheckBalanceTest" time="6.509" classname="TestMyAccount.MyAccount_CheckBalance"/>
</testsuite> <!-- TestMyAccount.MyAccount_CheckBalance -->
