<?xml version="1.0" encoding="UTF-8"?>
<!-- Generated by org.testng.reporters.JUnitReportReporter -->
<testsuite hostname="DESKTOP-2A6JV2R" name="TestMyAccount.Test1" tests="1" failures="0" timestamp="21 Jul 2016 18:44:23 GMT" time="12.461" errors="0">
  <testcase name="myAccount_CheckBalanceTest" time="12.461" classname="TestMyAccount.Test1"/>
</testsuite> <!-- TestMyAccount.Test1 -->
