<?xml version="1.0" encoding="UTF-8"?>
<!-- Generated by org.testng.reporters.JUnitReportReporter -->
<testsuite hostname="IR-C02PW2DWG8WP" name="TestMyAccount.MyAccount_CheckBalance" tests="1" failures="0" timestamp="7 Nov 2016 19:20:13 GMT" time="12.040" errors="0">
  <testcase name="myAccount_CheckBalanceTest" time="12.040" classname="TestMyAccount.MyAccount_CheckBalance"/>
</testsuite> <!-- TestMyAccount.MyAccount_CheckBalance -->
