<?xml version="1.0" encoding="UTF-8"?>
<!-- Generated by org.testng.reporters.JUnitReportReporter -->
<testsuite hostname="IR-C02PW2DWG8WP" name="TestMyAccount.MyAccount_TransferMoney" tests="1" failures="0" timestamp="16 May 2017 11:14:20 GMT" time="0.006" errors="0">
  <testcase name="myAccount_TransferMoneyTest" time="0.006" classname="TestMyAccount.MyAccount_TransferMoney"/>
</testsuite> <!-- TestMyAccount.MyAccount_TransferMoney -->
