<?xml version="1.0" encoding="UTF-8"?>
<!-- Generated by org.testng.reporters.JUnitReportReporter -->
<testsuite hostname="IR-C02PW2DWG8WP" name="TestLogin.Login_UsingValidUserInfo" tests="1" failures="0" timestamp="20 Jul 2016 13:26:10 GMT" time="8.609" errors="0">
  <testcase name="logIn_validUserInfoTest" time="8.609" classname="TestLogin.Login_UsingValidUserInfo"/>
</testsuite> <!-- TestLogin.Login_UsingValidUserInfo -->
