<?xml version="1.0" encoding="UTF-8"?>
<!-- Generated by org.testng.reporters.JUnitReportReporter -->
<testsuite hostname="DESKTOP-2A6JV2R" name="TestMyAccount.Test2" tests="1" failures="0" timestamp="21 Jul 2016 18:44:23 GMT" time="10.262" errors="0">
  <testcase name="myAccount_TransferMoneyTest" time="10.262" classname="TestMyAccount.Test2"/>
</testsuite> <!-- TestMyAccount.Test2 -->
