<?xml version="1.0" encoding="UTF-8"?>
<!-- Generated by org.testng.reporters.JUnitReportReporter -->
<testsuite hostname="IR-C02PW2DWG8WP" name="TestMethodAndLog4j.testAllMethodWise" tests="3" failures="0" timestamp="6 Mar 2017 20:30:45 GMT" time="0.008" errors="0">
  <testcase name="linkTest1" time="0.002" classname="TestMethodAndLog4j.testAllMethodWise"/>
  <testcase name="linkTest3" time="0.001" classname="TestMethodAndLog4j.testAllMethodWise"/>
  <testcase name="linkTest" time="0.005" classname="TestMethodAndLog4j.testAllMethodWise"/>
</testsuite> <!-- TestMethodAndLog4j.testAllMethodWise -->
