<?xml version="1.0" encoding="UTF-8"?>
<!-- Generated by org.testng.reporters.JUnitReportReporter -->
<testsuite hostname="DESKTOP-2A6JV2R" name="TestMyAccount.MyAccount_TransferMoney" tests="1" failures="0" timestamp="21 Jul 2016 20:21:13 GMT" time="9.822" errors="0">
  <testcase name="myAccount_TransferMoneyTest" time="9.822" classname="TestMyAccount.MyAccount_TransferMoney"/>
</testsuite> <!-- TestMyAccount.MyAccount_TransferMoney -->
