<?xml version="1.0" encoding="UTF-8"?>
<!-- Generated by org.testng.reporters.JUnitReportReporter -->
<testsuite hostname="IR-C02PW2DWG8WP" name="TestMyAccount.MyAccount_TransferMoney" tests="1" failures="0" timestamp="7 Nov 2016 19:27:32 GMT" time="15.939" errors="0">
  <testcase name="myAccount_TransferMoneyTest" time="15.939" classname="TestMyAccount.MyAccount_TransferMoney"/>
</testsuite> <!-- TestMyAccount.MyAccount_TransferMoney -->
