<?xml version="1.0" encoding="UTF-8"?>
<!-- Generated by org.testng.reporters.JUnitReportReporter -->
<testsuite hostname="IR-C02PW2DWG8WP" name="TestMyAccount.MyAccount_CheckBalance" tests="1" failures="0" timestamp="16 May 2017 11:14:20 GMT" time="0.133" errors="0">
  <testcase name="myAccount_CheckBalanceTest" time="0.133" classname="TestMyAccount.MyAccount_CheckBalance"/>
</testsuite> <!-- TestMyAccount.MyAccount_CheckBalance -->
